[ruub.dev/index.html]
[backblue.gif]
[fade.gif]
[index.html]
[ruub.dev/favicon.webp]
[ruub.dev/index.html]
[ruub.dev/domain/ruub.dev/index.html]
[ruub.dev/domain/assets/css/style.css]
[ruub.dev/domain/ruub.dev/assets/config.css]
[ruub.dev/domain/ruub.dev/assets/media/favicon.webp]
[ruub.dev/domain/assets/logo/dc.svg]
[ruub.dev/domain/assets/logo/ig.svg]
[ruub.dev/domain/assets/logo/ogu.svg]
[ruub.dev/domain/ruub.dev/assets/media/audio.mp3]
[ruub.dev/domain/ruub.dev/index.html]
[ruub.dev/domain/assets/js/audio.js]
[ruub.dev/domain/assets/logo/dot.png]
[ruub.dev/domain/assets/css/style.css]
[ruub.dev/domain/ruub.dev/assets/media/bg.gif]
[ruub.dev/domain/ruub.dev/assets/config.css]
[ruub.dev/domain/assets/logo/dc.svg]
[ruub.dev/domain/assets/logo/ig.svg]
[ruub.dev/domain/assets/logo/ogu.svg]
[ruub.dev/domain/assets/js/audio.js]
